2026-03-02 20:36:22,277 [INFO] - Log: E:\mxc11\Documents\StudyPerformancePrediction\experiment\logs\full_experiment_20260302_203622.log
2026-03-02 20:36:22,277 [INFO] - Building dataset (synthetic if no data files found)...
2026-03-02 20:36:22,277 [INFO] - Loading raw tables...
2026-03-02 20:36:22,315 [INFO] - Loaded studentInfo.csv: (32593, 12)
2026-03-02 20:36:25,523 [INFO] - Loaded studentVle.csv: (10655280, 6)
2026-03-02 20:36:25,524 [INFO] - Loaded assessments.csv: (206, 6)
2026-03-02 20:36:25,590 [INFO] - Loaded studentAssessment.csv: (173912, 5)
2026-03-02 20:36:25,604 [INFO] - Loaded studentRegistration.csv: (32593, 5)
2026-03-02 20:36:25,604 [INFO] - Loaded courses.csv: (22, 3)
2026-03-02 20:36:25,608 [INFO] - Loaded vle.csv: (6364, 6)
2026-03-02 20:36:25,608 [INFO] - Reconstructing grades...
2026-03-02 20:36:25,671 [INFO] - Building weekly sequences...
2026-03-02 20:36:39,637 [INFO] - Computing statistical features...
2026-03-02 20:36:40,628 [INFO] - Encoding static features...
2026-03-02 20:36:40,687 [INFO] - Dataset built: N=29228, T=20, D=4, F=20
2026-03-02 20:36:40,731 [INFO] - Dataset: N=29228, T=20, D=4, F=20
2026-03-02 20:36:40,731 [INFO] - ============================================================
2026-03-02 20:36:40,731 [INFO] - EXPERIMENT 1: Standard Model Comparison
2026-03-02 20:36:40,731 [INFO] - ============================================================
2026-03-02 20:36:40,738 [INFO] - Training LSTM / MLP-surrogate...
2026-03-02 20:36:54,528 [INFO] - [LSTM] Epoch 10: train=174.4076, val=136.6390
2026-03-02 20:37:07,123 [INFO] - [LSTM] Epoch 20: train=157.4659, val=126.3653
2026-03-02 20:37:19,686 [INFO] - [LSTM] Epoch 30: train=146.3281, val=121.7536
2026-03-02 20:37:32,664 [INFO] - [LSTM] Epoch 40: train=141.3866, val=121.4932
2026-03-02 20:37:35,242 [INFO] - Early stopping at epoch 42
2026-03-02 20:37:35,327 [INFO] - LSTM: {'RMSE': 10.792436599731445, 'MAE': 7.126687049865723, 'R2': 0.7721399068832397}
2026-03-02 20:37:35,328 [INFO] - Training XGBoost / GBM...
2026-03-02 20:37:35,727 [INFO] - [XGBoost] Training complete.
2026-03-02 20:37:35,736 [INFO] - XGBoost: {'RMSE': 12.14404582977295, 'MAE': 7.9694504737854, 'R2': 0.711493194103241}
2026-03-02 20:37:35,736 [INFO] - Training CatBoost / RF...
2026-03-02 20:37:36,489 [INFO] - [CatBoost] Training complete.
2026-03-02 20:37:36,492 [INFO] - CatBoost: {'RMSE': 12.30819639499728, 'MAE': 8.16105533919827, 'R2': 0.703641007186262}
2026-03-02 20:37:36,492 [INFO] - Training Stacking Fusion...
2026-03-02 20:37:36,954 [INFO] - Stacking: {'RMSE': 11.33541085020951, 'MAE': 7.773718066214505, 'R2': 0.7486355786943171}
2026-03-02 20:37:36,954 [INFO] - Training Dynamic Fusion...
2026-03-02 20:37:38,907 [INFO] - [DynamicFusion] Epoch 10: loss=80.0787
2026-03-02 20:37:40,780 [INFO] - [DynamicFusion] Epoch 20: loss=78.7743
2026-03-02 20:37:42,638 [INFO] - [DynamicFusion] Epoch 30: loss=78.4584
2026-03-02 20:37:42,649 [INFO] - DynamicFusion: {'RMSE': 10.366561889648438, 'MAE': 6.795473098754883, 'R2': 0.7897679805755615}
2026-03-02 20:37:42,652 [INFO] - Results saved: E:\mxc11\Documents\StudyPerformancePrediction\experiment\outputs\standard_comparison_results.csv
2026-03-02 20:37:43,300 [INFO] - Comparison plot saved: E:\mxc11\Documents\StudyPerformancePrediction\experiment\figures\comparison_RMSE.png
2026-03-02 20:37:43,443 [INFO] - Comparison plot saved: E:\mxc11\Documents\StudyPerformancePrediction\experiment\figures\comparison_MAE.png
2026-03-02 20:37:43,588 [INFO] - Comparison plot saved: E:\mxc11\Documents\StudyPerformancePrediction\experiment\figures\comparison_R2.png
2026-03-02 20:37:43,589 [INFO] - LaTeX table saved: E:\mxc11\Documents\StudyPerformancePrediction\experiment\outputs\main_results.tex
2026-03-02 20:37:43,589 [INFO] - ============================================================
2026-03-02 20:37:43,589 [INFO] - EXPERIMENT 2: Early Prediction
2026-03-02 20:37:43,589 [INFO] - ============================================================
2026-03-02 20:37:43,590 [INFO] - --- Window: week4 ---
2026-03-02 20:37:43,590 [INFO] - Loading raw tables...
2026-03-02 20:37:43,619 [INFO] - Loaded studentInfo.csv: (32593, 12)
2026-03-02 20:37:46,792 [INFO] - Loaded studentVle.csv: (10655280, 6)
2026-03-02 20:37:46,793 [INFO] - Loaded assessments.csv: (206, 6)
2026-03-02 20:37:46,844 [INFO] - Loaded studentAssessment.csv: (173912, 5)
2026-03-02 20:37:46,854 [INFO] - Loaded studentRegistration.csv: (32593, 5)
2026-03-02 20:37:46,855 [INFO] - Loaded courses.csv: (22, 3)
2026-03-02 20:37:46,859 [INFO] - Loaded vle.csv: (6364, 6)
2026-03-02 20:37:46,859 [INFO] - Reconstructing grades...
2026-03-02 20:37:46,915 [INFO] - Building weekly sequences...
2026-03-02 20:37:52,287 [INFO] - Computing statistical features...
2026-03-02 20:37:53,259 [INFO] - Encoding static features...
2026-03-02 20:37:53,317 [INFO] - Dataset built: N=28774, T=20, D=4, F=20
2026-03-02 20:38:06,201 [INFO] - [LSTM] Epoch 10: train=533.1046, val=509.1561
2026-03-02 20:38:12,476 [INFO] - Early stopping at epoch 15
2026-03-02 20:38:12,810 [INFO] - [XGBoost] Training complete.
2026-03-02 20:38:13,424 [INFO] - [CatBoost] Training complete.
2026-03-02 20:38:13,426 [INFO] -   week4: {'LSTM': {'RMSE': 22.67131996154785, 'MAE': 19.326416015625, 'R2': -0.0005127191543579102}, 'XGBoost': {'RMSE': 18.671710968017578, 'MAE': 14.17775821685791, 'R2': 0.3213633894920349}, 'CatBoost': {'RMSE': 18.560944398956178, 'MAE': 14.08185370135524, 'R2': 0.32939127426942016}}
2026-03-02 20:38:13,426 [INFO] - --- Window: week8 ---
2026-03-02 20:38:13,426 [INFO] - Loading raw tables...
2026-03-02 20:38:13,455 [INFO] - Loaded studentInfo.csv: (32593, 12)
2026-03-02 20:38:16,620 [INFO] - Loaded studentVle.csv: (10655280, 6)
2026-03-02 20:38:16,621 [INFO] - Loaded assessments.csv: (206, 6)
2026-03-02 20:38:16,672 [INFO] - Loaded studentAssessment.csv: (173912, 5)
2026-03-02 20:38:16,683 [INFO] - Loaded studentRegistration.csv: (32593, 5)
2026-03-02 20:38:16,683 [INFO] - Loaded courses.csv: (22, 3)
2026-03-02 20:38:16,686 [INFO] - Loaded vle.csv: (6364, 6)
2026-03-02 20:38:16,686 [INFO] - Reconstructing grades...
2026-03-02 20:38:16,738 [INFO] - Building weekly sequences...
2026-03-02 20:38:24,317 [INFO] - Computing statistical features...
2026-03-02 20:38:25,307 [INFO] - Encoding static features...
2026-03-02 20:38:25,366 [INFO] - Dataset built: N=29078, T=20, D=4, F=20
2026-03-02 20:38:39,332 [INFO] - [LSTM] Epoch 10: train=321.7267, val=301.2774
2026-03-02 20:38:53,154 [INFO] - [LSTM] Epoch 20: train=314.5912, val=289.7469
2026-03-02 20:39:07,021 [INFO] - [LSTM] Epoch 30: train=304.6186, val=294.0859
2026-03-02 20:39:08,401 [INFO] - Early stopping at epoch 31
2026-03-02 20:39:08,737 [INFO] - [XGBoost] Training complete.
2026-03-02 20:39:09,361 [INFO] - [CatBoost] Training complete.
2026-03-02 20:39:09,365 [INFO] -   week8: {'LSTM': {'RMSE': 17.043169021606445, 'MAE': 12.950860023498535, 'R2': 0.42988473176956177}, 'XGBoost': {'RMSE': 16.649158477783203, 'MAE': 11.855570793151855, 'R2': 0.455940306186676}, 'CatBoost': {'RMSE': 16.572016081648357, 'MAE': 11.849512352294752, 'R2': 0.4609703442778086}}
2026-03-02 20:39:09,365 [INFO] - --- Window: full ---
2026-03-02 20:39:09,365 [INFO] - Loading raw tables...
2026-03-02 20:39:09,393 [INFO] - Loaded studentInfo.csv: (32593, 12)
2026-03-02 20:39:12,603 [INFO] - Loaded studentVle.csv: (10655280, 6)
2026-03-02 20:39:12,604 [INFO] - Loaded assessments.csv: (206, 6)
2026-03-02 20:39:12,653 [INFO] - Loaded studentAssessment.csv: (173912, 5)
2026-03-02 20:39:12,664 [INFO] - Loaded studentRegistration.csv: (32593, 5)
2026-03-02 20:39:12,665 [INFO] - Loaded courses.csv: (22, 3)
2026-03-02 20:39:12,668 [INFO] - Loaded vle.csv: (6364, 6)
2026-03-02 20:39:12,669 [INFO] - Reconstructing grades...
2026-03-02 20:39:12,722 [INFO] - Building weekly sequences...
2026-03-02 20:39:26,696 [INFO] - Computing statistical features...
2026-03-02 20:39:27,685 [INFO] - Encoding static features...
2026-03-02 20:39:27,742 [INFO] - Dataset built: N=29228, T=20, D=4, F=20
2026-03-02 20:39:48,091 [INFO] - [LSTM] Epoch 10: train=174.4076, val=136.6390
2026-03-02 20:40:08,774 [INFO] - [LSTM] Epoch 20: train=157.4659, val=126.3653
2026-03-02 20:40:27,893 [INFO] - [LSTM] Epoch 30: train=146.3281, val=121.7536
2026-03-02 20:40:46,869 [INFO] - [LSTM] Epoch 40: train=141.3866, val=121.4932
2026-03-02 20:40:50,596 [INFO] - Early stopping at epoch 42
2026-03-02 20:40:50,968 [INFO] - [XGBoost] Training complete.
2026-03-02 20:40:51,567 [INFO] - [CatBoost] Training complete.
2026-03-02 20:40:51,571 [INFO] -   full: {'LSTM': {'RMSE': 10.792436599731445, 'MAE': 7.126687049865723, 'R2': 0.7721399068832397}, 'XGBoost': {'RMSE': 12.14404582977295, 'MAE': 7.9694504737854, 'R2': 0.711493194103241}, 'CatBoost': {'RMSE': 12.30819639499728, 'MAE': 8.16105533919827, 'R2': 0.703641007186262}}
2026-03-02 20:40:51,742 [INFO] - Early prediction curve saved: E:\mxc11\Documents\StudyPerformancePrediction\experiment\figures\early_prediction_RMSE.png
2026-03-02 20:40:51,928 [INFO] - Early prediction curve saved: E:\mxc11\Documents\StudyPerformancePrediction\experiment\figures\early_prediction_R2.png
2026-03-02 20:40:51,931 [INFO] - LaTeX table saved: E:\mxc11\Documents\StudyPerformancePrediction\experiment\outputs\early_prediction_table.tex
2026-03-02 20:40:51,932 [INFO] - ============================================================
2026-03-02 20:40:51,932 [INFO] - EXPERIMENT 3: LOMO Transfer Learning
2026-03-02 20:40:51,933 [INFO] - ============================================================
2026-03-02 20:40:51,944 [INFO] - LOMO split: test=AAA, train_n=28493, test_n=735
2026-03-02 20:40:51,949 [INFO] - LOMO split: test=BBB, train_n=22606, test_n=6622
2026-03-02 20:40:51,955 [INFO] - LOMO split: test=CCC, train_n=25245, test_n=3983
2026-03-02 20:40:51,960 [INFO] - LOMO split: test=DDD, train_n=23483, test_n=5745
2026-03-02 20:40:51,965 [INFO] - LOMO split: test=EEE, train_n=26543, test_n=2685
2026-03-02 20:40:51,971 [INFO] - LOMO split: test=FFF, train_n=22136, test_n=7092
2026-03-02 20:40:51,975 [INFO] - LOMO split: test=GGG, train_n=26862, test_n=2366
2026-03-02 20:40:52,283 [INFO] - [XGBoost] Training complete.
2026-03-02 20:40:52,989 [INFO] - [CatBoost] Training complete.
2026-03-02 20:41:16,345 [INFO] - [LSTM] Epoch 10: train=168.9205, val=146.7474
2026-03-02 20:41:38,327 [INFO] - [LSTM] Epoch 20: train=155.8750, val=137.6674
2026-03-02 20:42:00,375 [INFO] - [LSTM] Epoch 30: train=147.5614, val=129.9346
2026-03-02 20:42:22,233 [INFO] - [LSTM] Epoch 40: train=138.3305, val=127.9530
2026-03-02 20:42:44,189 [INFO] - [LSTM] Epoch 50: train=131.9928, val=125.5834
2026-03-02 20:42:44,199 [INFO] -   Module AAA: {'XGBoost': {'RMSE': 13.458115577697754, 'MAE': 10.34376335144043, 'R2': -0.18606853485107422}, 'CatBoost': {'RMSE': 12.840898641464095, 'MAE': 10.144689884817444, 'R2': -0.07977214330553828}, 'LSTM': {'RMSE': 10.941669464111328, 'MAE': 8.278008460998535, 'R2': 0.21601378917694092}}
2026-03-02 20:42:44,505 [INFO] - [XGBoost] Training complete.
2026-03-02 20:42:45,137 [INFO] - [CatBoost] Training complete.
2026-03-02 20:43:02,214 [INFO] - [LSTM] Epoch 10: train=172.8708, val=144.5216
2026-03-02 20:43:18,871 [INFO] - [LSTM] Epoch 20: train=160.7736, val=137.1321
2026-03-02 20:43:35,546 [INFO] - [LSTM] Epoch 30: train=150.6878, val=134.8844
2026-03-02 20:43:52,298 [INFO] - [LSTM] Epoch 40: train=142.7226, val=129.4444
2026-03-02 20:44:09,256 [INFO] - [LSTM] Epoch 50: train=139.0019, val=127.1218
2026-03-02 20:44:09,333 [INFO] -   Module BBB: {'XGBoost': {'RMSE': 12.110613822937012, 'MAE': 8.918852806091309, 'R2': 0.3563816547393799}, 'CatBoost': {'RMSE': 11.452558877087164, 'MAE': 8.515270303907036, 'R2': 0.4244260662975474}, 'LSTM': {'RMSE': 16.05558204650879, 'MAE': 11.420811653137207, 'R2': -0.13122284412384033}}
2026-03-02 20:44:09,637 [INFO] - [XGBoost] Training complete.
2026-03-02 20:44:10,289 [INFO] - [CatBoost] Training complete.
2026-03-02 20:44:30,621 [INFO] - [LSTM] Epoch 10: train=165.3299, val=135.7441
2026-03-02 20:44:50,492 [INFO] - [LSTM] Epoch 20: train=150.5246, val=128.7482
2026-03-02 20:45:10,406 [INFO] - [LSTM] Epoch 30: train=137.6726, val=124.7854
2026-03-02 20:45:30,311 [INFO] - [LSTM] Epoch 40: train=133.2221, val=121.1530
2026-03-02 20:45:50,282 [INFO] - [LSTM] Epoch 50: train=128.8357, val=122.0036
2026-03-02 20:45:50,327 [INFO] -   Module CCC: {'XGBoost': {'RMSE': 14.201319694519043, 'MAE': 9.849270820617676, 'R2': 0.6147949695587158}, 'CatBoost': {'RMSE': 14.22501077153357, 'MAE': 10.025070223303477, 'R2': 0.6135086896881519}, 'LSTM': {'RMSE': 13.774158477783203, 'MAE': 9.43467903137207, 'R2': 0.6376196146011353}}
2026-03-02 20:45:50,634 [INFO] - [XGBoost] Training complete.
2026-03-02 20:45:51,280 [INFO] - [CatBoost] Training complete.
2026-03-02 20:46:10,392 [INFO] - [LSTM] Epoch 10: train=114.9963, val=88.4032
2026-03-02 20:46:28,968 [INFO] - [LSTM] Epoch 20: train=104.7913, val=88.0060
2026-03-02 20:46:47,473 [INFO] - [LSTM] Epoch 30: train=95.7520, val=79.1947
2026-03-02 20:47:05,988 [INFO] - [LSTM] Epoch 40: train=93.9659, val=77.4398
2026-03-02 20:47:24,476 [INFO] - [LSTM] Epoch 50: train=87.9840, val=77.5912
2026-03-02 20:47:24,544 [INFO] -   Module DDD: {'XGBoost': {'RMSE': 25.240297317504883, 'MAE': 18.315038681030273, 'R2': 0.37621885538101196}, 'CatBoost': {'RMSE': 25.344159050509337, 'MAE': 18.466713962470564, 'R2': 0.3710745849353335}, 'LSTM': {'RMSE': 24.728429794311523, 'MAE': 17.599130630493164, 'R2': 0.4012625217437744}}
2026-03-02 20:47:24,859 [INFO] - [XGBoost] Training complete.
2026-03-02 20:47:25,596 [INFO] - [CatBoost] Training complete.
2026-03-02 20:47:47,872 [INFO] - [LSTM] Epoch 10: train=176.0215, val=148.4741
2026-03-02 20:48:09,844 [INFO] - [LSTM] Epoch 20: train=163.3406, val=137.6673
2026-03-02 20:48:31,694 [INFO] - [LSTM] Epoch 30: train=152.0073, val=134.9358
2026-03-02 20:48:53,406 [INFO] - [LSTM] Epoch 40: train=147.1274, val=129.2008
2026-03-02 20:49:15,147 [INFO] - [LSTM] Epoch 50: train=138.6341, val=131.6748
2026-03-02 20:49:15,181 [INFO] -   Module EEE: {'XGBoost': {'RMSE': 10.028127670288086, 'MAE': 7.170815944671631, 'R2': 0.653351902961731}, 'CatBoost': {'RMSE': 10.083953023331896, 'MAE': 7.292545295257837, 'R2': 0.6494816749690255}, 'LSTM': {'RMSE': 9.01973819732666, 'MAE': 6.759095668792725, 'R2': 0.7195619344711304}}
2026-03-02 20:49:15,465 [INFO] - [XGBoost] Training complete.
2026-03-02 20:49:16,080 [INFO] - [CatBoost] Training complete.
2026-03-02 20:49:32,865 [INFO] - [LSTM] Epoch 10: train=194.1301, val=159.8529
2026-03-02 20:49:49,426 [INFO] - [LSTM] Epoch 20: train=180.7719, val=154.4691
2026-03-02 20:50:05,897 [INFO] - [LSTM] Epoch 30: train=168.3222, val=149.4768
2026-03-02 20:50:22,487 [INFO] - [LSTM] Epoch 40: train=159.8929, val=143.3060
2026-03-02 20:50:39,181 [INFO] - [LSTM] Epoch 50: train=152.6256, val=141.1480
2026-03-02 20:50:39,270 [INFO] -   Module FFF: {'XGBoost': {'RMSE': 11.896350860595703, 'MAE': 8.759511947631836, 'R2': 0.46991950273513794}, 'CatBoost': {'RMSE': 11.882182618688349, 'MAE': 8.982243272068414, 'R2': 0.47118139131939907}, 'LSTM': {'RMSE': 12.489694595336914, 'MAE': 8.953383445739746, 'R2': 0.4157242178916931}}
2026-03-02 20:50:39,620 [INFO] - [XGBoost] Training complete.
2026-03-02 20:50:40,337 [INFO] - [CatBoost] Training complete.
2026-03-02 20:51:02,050 [INFO] - [LSTM] Epoch 10: train=152.0899, val=131.8863
2026-03-02 20:51:23,100 [INFO] - [LSTM] Epoch 20: train=142.3686, val=118.5959
2026-03-02 20:51:44,082 [INFO] - [LSTM] Epoch 30: train=137.5108, val=116.2639
2026-03-02 20:52:05,781 [INFO] - [LSTM] Epoch 40: train=130.2822, val=110.1905
2026-03-02 20:52:12,133 [INFO] - Early stopping at epoch 43
2026-03-02 20:52:12,164 [INFO] -   Module GGG: {'XGBoost': {'RMSE': 29.08201026916504, 'MAE': 25.758888244628906, 'R2': -2.001075943820493e+16}, 'CatBoost': {'RMSE': 29.96370833819712, 'MAE': 26.713148361525143, 'R2': -2.1242511235511076e+16}, 'LSTM': {'RMSE': 29.895584106445312, 'MAE': 26.693029403686523, 'R2': -2.1146028816203776e+16}}
2026-03-02 20:52:12,396 [INFO] - Transfer plot saved: E:\mxc11\Documents\StudyPerformancePrediction\experiment\figures\lomo_transfer_RMSE.png
2026-03-02 20:52:12,398 [INFO] - LaTeX table saved: E:\mxc11\Documents\StudyPerformancePrediction\experiment\outputs\lomo_table.tex
2026-03-02 20:52:12,405 [INFO] - LOMO Summary:
               RMSE                  MAE                      R2              
               mean       std       mean       std          mean           std
Model                                                                         
CatBoost  16.541782  7.810351  12.877097  7.114104 -3.034644e+15  8.028915e+15
LSTM      16.700694  7.718230  12.734020  7.082636 -3.020861e+15  7.992448e+15
XGBoost   16.573834  7.433528  12.730877  6.783945 -2.858680e+15  7.563356e+15
2026-03-02 20:52:12,410 [INFO] - ============================================================
2026-03-02 20:52:12,410 [INFO] - EXPERIMENT 4: MAML Meta-Learning
2026-03-02 20:52:12,410 [INFO] - ============================================================
2026-03-02 20:52:12,418 [INFO] - Meta task: module=AAA, n=735
2026-03-02 20:52:12,421 [INFO] - Meta task: module=BBB, n=6622
2026-03-02 20:52:12,424 [INFO] - Meta task: module=CCC, n=3983
2026-03-02 20:52:12,426 [INFO] - Meta task: module=DDD, n=5745
2026-03-02 20:52:12,429 [INFO] - Meta task: module=EEE, n=2685
2026-03-02 20:52:12,431 [INFO] - Meta task: module=FFF, n=7092
2026-03-02 20:52:12,432 [INFO] - Meta task: module=GGG, n=2366
2026-03-02 20:52:12,434 [INFO] - Starting MAML training for 100 epochs...
2026-03-02 20:52:12,969 [INFO] - [MAML] Epoch 20: meta_loss=1212.2761
2026-03-02 20:52:13,486 [INFO] - [MAML] Epoch 40: meta_loss=1158.1692
2026-03-02 20:52:14,011 [INFO] - [MAML] Epoch 60: meta_loss=1037.0932
2026-03-02 20:52:14,530 [INFO] - [MAML] Epoch 80: meta_loss=887.2338
2026-03-02 20:52:15,050 [INFO] - [MAML] Epoch 100: meta_loss=5569.2483
2026-03-02 20:52:15,062 [INFO] -   MAML AAA: {'RMSE': 12.104488372802734, 'MAE': 9.204926490783691, 'R2': 0.14166027307510376}
2026-03-02 20:52:15,089 [INFO] -   MAML BBB: {'RMSE': 11.89980411529541, 'MAE': 9.52918815612793, 'R2': 0.41196775436401367}
2026-03-02 20:52:15,108 [INFO] -   MAML CCC: {'RMSE': 17.48563003540039, 'MAE': 12.683455467224121, 'R2': 0.4714164137840271}
2026-03-02 20:52:15,131 [INFO] -   MAML DDD: {'RMSE': 48.286991119384766, 'MAE': 37.05024337768555, 'R2': -1.1522698402404785}
2026-03-02 20:52:15,147 [INFO] -   MAML EEE: {'RMSE': 16.587993621826172, 'MAE': 13.500747680664062, 'R2': 0.013413548469543457}
2026-03-02 20:52:15,173 [INFO] -   MAML FFF: {'RMSE': 23.83048439025879, 'MAE': 19.74793243408203, 'R2': -1.0013234615325928}
2026-03-02 20:52:15,188 [INFO] -   MAML GGG: {'RMSE': 0.1748715043067932, 'MAE': 0.0703291967511177, 'R2': -144949395456.0}
2026-03-02 20:52:15,192 [INFO] - LaTeX table saved: E:\mxc11\Documents\StudyPerformancePrediction\experiment\outputs\maml_table.tex
2026-03-02 20:52:15,192 [INFO] - MAML mean RMSE: 18.6243 ˇŔ 14.9473
2026-03-02 20:52:15,192 [INFO] - ============================================================
2026-03-02 20:52:15,192 [INFO] - EXPERIMENT 5: Statistical Significance Tests
2026-03-02 20:52:15,193 [INFO] - ============================================================
2026-03-02 20:52:15,202 [INFO] - 
                  comparison       t_pvalue  t_significant t_label       w_pvalue  w_significant w_label
0      DynamicFusion vs LSTM   1.586765e-06           True     ***   2.919546e-02           True       *
1   DynamicFusion vs XGBoost   0.000000e+00           True     ***   0.000000e+00           True     ***
2  DynamicFusion vs CatBoost  7.610404e-106           True     ***  1.814308e-107           True     ***
3  DynamicFusion vs Stacking   3.144089e-74           True     ***   1.336046e-82           True     ***
2026-03-02 20:52:15,202 [INFO] - Significance report saved: E:\mxc11\Documents\StudyPerformancePrediction\experiment\outputs\significance_tests.csv
2026-03-02 20:52:15,203 [INFO] - LaTeX table saved: E:\mxc11\Documents\StudyPerformancePrediction\experiment\outputs\significance_table.tex
2026-03-02 20:52:15,203 [INFO] - ============================================================
2026-03-02 20:52:15,203 [INFO] - EXPERIMENT 6: SHAP Interpretability
2026-03-02 20:52:15,203 [INFO] - ============================================================
2026-03-02 20:52:15,313 [WARNING] - SHAP library unavailable. Using feature_importances_ as fallback.
2026-03-02 20:52:15,318 [INFO] - Top features (feature importance):
            feature  mean_abs_shap
1      active_weeks       0.407496
18  studied_credits       0.172741
16  studied_credits       0.075010
5       growth_rate       0.041043
10       gender_enc       0.040703
2026-03-02 20:52:15,545 [INFO] - Feature importance plot saved: E:\mxc11\Documents\StudyPerformancePrediction\experiment\figures\feature_importance.png
2026-03-02 20:52:15,699 [INFO] - 
============================================================
2026-03-02 20:52:15,699 [INFO] - ALL EXPERIMENTS COMPLETE
2026-03-02 20:52:15,699 [INFO] - ============================================================
2026-03-02 20:52:15,713 [INFO] - 
Outputs: E:\mxc11\Documents\StudyPerformancePrediction\experiment\outputs
2026-03-02 20:52:15,713 [INFO] - Figures: E:\mxc11\Documents\StudyPerformancePrediction\experiment\figures
